PLINK v1.90b6.26 64-bit (2 Apr 2022)
Options in effect:
  --allow-extra-chr
  --const-fid
  --make-bed
  --out setophaga
  --vcf setophaga_15a_admixture.vcf

Hostname: quanah.hpcc.ttu.edu
Working directory: /lustre/scratch/johruska/setophaga/03_vcf/combined_vcfs/dataset15a
Start time: Thu Jul 20 14:04:01 2023

Random number seed: 1689879841
193336 MB RAM detected; reserving 96668 MB for main workspace.
--vcf: setophaga-temporary.bed + setophaga-temporary.bim +
setophaga-temporary.fam written.
49326 variants loaded from .bim file.
45 people (0 males, 0 females, 45 ambiguous) loaded from .fam.
Ambiguous sex IDs written to setophaga.nosex .
Using 1 thread (no multithreaded calculations invoked).
Before main variant filters, 45 founders and 0 nonfounders present.
Calculating allele frequencies... done.
Total genotyping rate is exactly 1.
49326 variants and 45 people pass filters and QC.
Note: No phenotypes present.
--make-bed to setophaga.bed + setophaga.bim + setophaga.fam ... done.

End time: Thu Jul 20 14:04:01 2023
